<?xml version="1.0" encoding="UTF-8" ?>
<testsuite tests="334" failures="0" name="RegressionTest" time="1.272" errors="0" skipped="0">
  <properties>
    <property name="java.runtime.name" value="Java(TM) SE Runtime Environment"/>
    <property name="sun.boot.library.path" value="C:\Program Files\Java\jdk1.8.0_311\jre\bin"/>
    <property name="java.vm.version" value="25.311-b11"/>
    <property name="java.vm.vendor" value="Oracle Corporation"/>
    <property name="maven.multiModuleProjectDirectory" value="C:\UH\Spring2022\PAT\classwork\assign4"/>
    <property name="java.vendor.url" value="http://java.oracle.com/"/>
    <property name="path.separator" value=";"/>
    <property name="guice.disable.misplaced.annotation.check" value="true"/>
    <property name="java.vm.name" value="Java HotSpot(TM) 64-Bit Server VM"/>
    <property name="file.encoding.pkg" value="sun.io"/>
    <property name="user.script" value=""/>
    <property name="user.country" value="US"/>
    <property name="sun.java.launcher" value="SUN_STANDARD"/>
    <property name="sun.os.patch.level" value=""/>
    <property name="java.vm.specification.name" value="Java Virtual Machine Specification"/>
    <property name="user.dir" value="C:\UH\Spring2022\PAT\classwork\assign4"/>
    <property name="java.runtime.version" value="1.8.0_311-b11"/>
    <property name="java.awt.graphicsenv" value="sun.awt.Win32GraphicsEnvironment"/>
    <property name="java.endorsed.dirs" value="C:\Program Files\Java\jdk1.8.0_311\jre\lib\endorsed"/>
    <property name="os.arch" value="amd64"/>
    <property name="java.io.tmpdir" value="C:\Users\sampa\AppData\Local\Temp\"/>
    <property name="line.separator" value="
"/>
    <property name="java.vm.specification.vendor" value="Oracle Corporation"/>
    <property name="user.variant" value=""/>
    <property name="os.name" value="Windows 10"/>
    <property name="clover.license.path" value="C:\Users\sampa\AppData\Local\Temp\mvn7280470331729683369resource"/>
    <property name="classworlds.conf" value="C:\Program Files\apache-maven-3.8.5\bin\m2.conf"/>
    <property name="sun.jnu.encoding" value="Cp1252"/>
    <property name="java.library.path" value="C:\Program Files\Java\jdk1.8.0_311\bin;C:\Windows\Sun\Java\bin;C:\Windows\system32;C:\Windows;C:\Program Files\Java\jdk1.8.0_311\bin;C:\Program Files (x86)\Java\jre1.8.0_321\bin;C:\Program Files\Common Files\Oracle\Java\javapath;C:\Windows\system32;C:\Windows;C:\Windows\System32\Wbem;C:\Windows\System32\WindowsPowerShell\v1.0\;C:\Windows\System32\OpenSSH\;C:\Program Files\Git\cmd;C:\Program Files\Java\jdk1.8.0_311\bin;C:\Program Files (x86)\Java\jre1.8.0_321\bin;C:\Users\sampa\AppData\Local\Microsoft\WindowsApps;C:\Users\sampa\AppData\Local\Programs\Microsoft VS Code\bin;C:\Users\sampa\AppData\Roaming\TinyTeX\bin\win32;C:\Program Files\JetBrains\IntelliJ IDEA Community Edition 2021.3.2\bin;;C:\Program Files\apache-maven-3.8.5\bin;;."/>
    <property name="maven.conf" value="C:\Program Files\apache-maven-3.8.5/conf"/>
    <property name="java.specification.name" value="Java Platform API Specification"/>
    <property name="java.class.version" value="52.0"/>
    <property name="sun.management.compiler" value="HotSpot 64-Bit Tiered Compilers"/>
    <property name="os.version" value="10.0"/>
    <property name="library.jansi.path" value="C:\Program Files\apache-maven-3.8.5\lib\jansi-native"/>
    <property name="user.home" value="C:\Users\sampa"/>
    <property name="user.timezone" value="America/Chicago"/>
    <property name="java.awt.printerjob" value="sun.awt.windows.WPrinterJob"/>
    <property name="java.specification.version" value="1.8"/>
    <property name="file.encoding" value="Cp1252"/>
    <property name="user.name" value="sampa"/>
    <property name="java.class.path" value="C:\Program Files\apache-maven-3.8.5\boot\plexus-classworlds-2.6.0.jar"/>
    <property name="java.vm.specification.version" value="1.8"/>
    <property name="sun.arch.data.model" value="64"/>
    <property name="java.home" value="C:\Program Files\Java\jdk1.8.0_311\jre"/>
    <property name="sun.java.command" value="org.codehaus.plexus.classworlds.launcher.Launcher clean clover:setup test clover:aggregate clover:clover"/>
    <property name="java.specification.vendor" value="Oracle Corporation"/>
    <property name="user.language" value="en"/>
    <property name="awt.toolkit" value="sun.awt.windows.WToolkit"/>
    <property name="java.vm.info" value="mixed mode"/>
    <property name="java.version" value="1.8.0_311"/>
    <property name="java.ext.dirs" value="C:\Program Files\Java\jdk1.8.0_311\jre\lib\ext;C:\Windows\Sun\Java\lib\ext"/>
    <property name="sun.boot.class.path" value="C:\Program Files\Java\jdk1.8.0_311\jre\lib\resources.jar;C:\Program Files\Java\jdk1.8.0_311\jre\lib\rt.jar;C:\Program Files\Java\jdk1.8.0_311\jre\lib\sunrsasign.jar;C:\Program Files\Java\jdk1.8.0_311\jre\lib\jsse.jar;C:\Program Files\Java\jdk1.8.0_311\jre\lib\jce.jar;C:\Program Files\Java\jdk1.8.0_311\jre\lib\charsets.jar;C:\Program Files\Java\jdk1.8.0_311\jre\lib\jfr.jar;C:\Program Files\Java\jdk1.8.0_311\jre\classes"/>
    <property name="sun.stderr.encoding" value="cp437"/>
    <property name="java.vendor" value="Oracle Corporation"/>
    <property name="maven.home" value="C:\Program Files\apache-maven-3.8.5"/>
    <property name="file.separator" value="\"/>
    <property name="java.vendor.url.bug" value="http://bugreport.sun.com/bugreport/"/>
    <property name="sun.cpu.endian" value="little"/>
    <property name="sun.io.unicode.encoding" value="UnicodeLittle"/>
    <property name="sun.stdout.encoding" value="cp437"/>
    <property name="sun.desktop" value="windows"/>
    <property name="sun.cpu.isalist" value="amd64"/>
  </properties>
  <testcase classname="RegressionTest0" name="test001" time="0.095"/>
  <testcase classname="RegressionTest0" name="test002" time="0.005"/>
  <testcase classname="RegressionTest0" name="test003" time="0.004"/>
  <testcase classname="RegressionTest0" name="test004" time="0.003"/>
  <testcase classname="RegressionTest0" name="test005" time="0.004"/>
  <testcase classname="RegressionTest0" name="test006" time="0.004"/>
  <testcase classname="RegressionTest0" name="test007" time="0.004"/>
  <testcase classname="RegressionTest0" name="test008" time="0.003"/>
  <testcase classname="RegressionTest0" name="test009" time="0.003"/>
  <testcase classname="RegressionTest0" name="test010" time="0.004"/>
  <testcase classname="RegressionTest0" name="test011" time="0.003"/>
  <testcase classname="RegressionTest0" name="test012" time="0.003"/>
  <testcase classname="RegressionTest0" name="test013" time="0.004"/>
  <testcase classname="RegressionTest0" name="test014" time="0.003"/>
  <testcase classname="RegressionTest0" name="test015" time="0.004"/>
  <testcase classname="RegressionTest0" name="test016" time="0.005"/>
  <testcase classname="RegressionTest0" name="test017" time="0.004"/>
  <testcase classname="RegressionTest0" name="test018" time="0.003"/>
  <testcase classname="RegressionTest0" name="test019" time="0.003"/>
  <testcase classname="RegressionTest0" name="test020" time="0.003"/>
  <testcase classname="RegressionTest0" name="test021" time="0.005"/>
  <testcase classname="RegressionTest0" name="test022" time="0.004"/>
  <testcase classname="RegressionTest0" name="test023" time="0.003"/>
  <testcase classname="RegressionTest0" name="test024" time="0.003"/>
  <testcase classname="RegressionTest0" name="test025" time="0.004"/>
  <testcase classname="RegressionTest0" name="test026" time="0.003"/>
  <testcase classname="RegressionTest0" name="test027" time="0.003"/>
  <testcase classname="RegressionTest0" name="test028" time="0.004"/>
  <testcase classname="RegressionTest0" name="test029" time="0.004"/>
  <testcase classname="RegressionTest0" name="test030" time="0.003"/>
  <testcase classname="RegressionTest0" name="test031" time="0.004"/>
  <testcase classname="RegressionTest0" name="test032" time="0.003"/>
  <testcase classname="RegressionTest0" name="test033" time="0.003"/>
  <testcase classname="RegressionTest0" name="test034" time="0.003"/>
  <testcase classname="RegressionTest0" name="test035" time="0.003"/>
  <testcase classname="RegressionTest0" name="test036" time="0.003"/>
  <testcase classname="RegressionTest0" name="test037" time="0.002"/>
  <testcase classname="RegressionTest0" name="test038" time="0.003"/>
  <testcase classname="RegressionTest0" name="test039" time="0.003"/>
  <testcase classname="RegressionTest0" name="test040" time="0.003"/>
  <testcase classname="RegressionTest0" name="test041" time="0.004"/>
  <testcase classname="RegressionTest0" name="test042" time="0.003"/>
  <testcase classname="RegressionTest0" name="test043" time="0.004"/>
  <testcase classname="RegressionTest0" name="test044" time="0.003"/>
  <testcase classname="RegressionTest0" name="test045" time="0.002"/>
  <testcase classname="RegressionTest0" name="test046" time="0.002"/>
  <testcase classname="RegressionTest0" name="test047" time="0.003"/>
  <testcase classname="RegressionTest0" name="test048" time="0.002"/>
  <testcase classname="RegressionTest0" name="test049" time="0.003"/>
  <testcase classname="RegressionTest0" name="test050" time="0.005"/>
  <testcase classname="RegressionTest0" name="test051" time="0.004"/>
  <testcase classname="RegressionTest0" name="test052" time="0.003"/>
  <testcase classname="RegressionTest0" name="test053" time="0.003"/>
  <testcase classname="RegressionTest0" name="test054" time="0.004"/>
  <testcase classname="RegressionTest0" name="test055" time="0.004"/>
  <testcase classname="RegressionTest0" name="test056" time="0.003"/>
  <testcase classname="RegressionTest0" name="test057" time="0.004"/>
  <testcase classname="RegressionTest0" name="test058" time="0.003"/>
  <testcase classname="RegressionTest0" name="test059" time="0.003"/>
  <testcase classname="RegressionTest0" name="test060" time="0.005"/>
  <testcase classname="RegressionTest0" name="test061" time="0.004"/>
  <testcase classname="RegressionTest0" name="test062" time="0.003"/>
  <testcase classname="RegressionTest0" name="test063" time="0.003"/>
  <testcase classname="RegressionTest0" name="test064" time="0.003"/>
  <testcase classname="RegressionTest0" name="test065" time="0.003"/>
  <testcase classname="RegressionTest0" name="test066" time="0.003"/>
  <testcase classname="RegressionTest0" name="test067" time="0.003"/>
  <testcase classname="RegressionTest0" name="test068" time="0.003"/>
  <testcase classname="RegressionTest0" name="test069" time="0.003"/>
  <testcase classname="RegressionTest0" name="test070" time="0.002"/>
  <testcase classname="RegressionTest0" name="test071" time="0.002"/>
  <testcase classname="RegressionTest0" name="test072" time="0.003"/>
  <testcase classname="RegressionTest0" name="test073" time="0.003"/>
  <testcase classname="RegressionTest0" name="test074" time="0.003"/>
  <testcase classname="RegressionTest0" name="test075" time="0.003"/>
  <testcase classname="RegressionTest0" name="test076" time="0.003"/>
  <testcase classname="RegressionTest0" name="test077" time="0.003"/>
  <testcase classname="RegressionTest0" name="test078" time="0.004"/>
  <testcase classname="RegressionTest0" name="test079" time="0.003"/>
  <testcase classname="RegressionTest0" name="test080" time="0.003"/>
  <testcase classname="RegressionTest0" name="test081" time="0.003"/>
  <testcase classname="RegressionTest0" name="test082" time="0.003"/>
  <testcase classname="RegressionTest0" name="test083" time="0.004"/>
  <testcase classname="RegressionTest0" name="test084" time="0.003"/>
  <testcase classname="RegressionTest0" name="test085" time="0.003"/>
  <testcase classname="RegressionTest0" name="test086" time="0.003"/>
  <testcase classname="RegressionTest0" name="test087" time="0.003"/>
  <testcase classname="RegressionTest0" name="test088" time="0.003"/>
  <testcase classname="RegressionTest0" name="test089" time="0.004"/>
  <testcase classname="RegressionTest0" name="test090" time="0.004"/>
  <testcase classname="RegressionTest0" name="test091" time="0.003"/>
  <testcase classname="RegressionTest0" name="test092" time="0.004"/>
  <testcase classname="RegressionTest0" name="test093" time="0.003"/>
  <testcase classname="RegressionTest0" name="test094" time="0.003"/>
  <testcase classname="RegressionTest0" name="test095" time="0.004"/>
  <testcase classname="RegressionTest0" name="test096" time="0.007"/>
  <testcase classname="RegressionTest0" name="test097" time="0.004"/>
  <testcase classname="RegressionTest0" name="test098" time="0.003"/>
  <testcase classname="RegressionTest0" name="test099" time="0.004"/>
  <testcase classname="RegressionTest0" name="test100" time="0.003"/>
  <testcase classname="RegressionTest0" name="test101" time="0.003"/>
  <testcase classname="RegressionTest0" name="test102" time="0.006"/>
  <testcase classname="RegressionTest0" name="test103" time="0.003"/>
  <testcase classname="RegressionTest0" name="test104" time="0.004"/>
  <testcase classname="RegressionTest0" name="test105" time="0.003"/>
  <testcase classname="RegressionTest0" name="test106" time="0.004"/>
  <testcase classname="RegressionTest0" name="test107" time="0.005"/>
  <testcase classname="RegressionTest0" name="test108" time="0.007"/>
  <testcase classname="RegressionTest0" name="test109" time="0.006"/>
  <testcase classname="RegressionTest0" name="test110" time="0.009"/>
  <testcase classname="RegressionTest0" name="test111" time="0.004"/>
  <testcase classname="RegressionTest0" name="test112" time="0.003"/>
  <testcase classname="RegressionTest0" name="test113" time="0.003"/>
  <testcase classname="RegressionTest0" name="test114" time="0.003"/>
  <testcase classname="RegressionTest0" name="test115" time="0.003"/>
  <testcase classname="RegressionTest0" name="test116" time="0.004"/>
  <testcase classname="RegressionTest0" name="test117" time="0.003"/>
  <testcase classname="RegressionTest0" name="test118" time="0.003"/>
  <testcase classname="RegressionTest0" name="test119" time="0.003"/>
  <testcase classname="RegressionTest0" name="test120" time="0.004"/>
  <testcase classname="RegressionTest0" name="test121" time="0.004"/>
  <testcase classname="RegressionTest0" name="test122" time="0.004"/>
  <testcase classname="RegressionTest0" name="test123" time="0.004"/>
  <testcase classname="RegressionTest0" name="test124" time="0.004"/>
  <testcase classname="RegressionTest0" name="test125" time="0.003"/>
  <testcase classname="RegressionTest0" name="test126" time="0.004"/>
  <testcase classname="RegressionTest0" name="test127" time="0.003"/>
  <testcase classname="RegressionTest0" name="test128" time="0.004"/>
  <testcase classname="RegressionTest0" name="test129" time="0.005"/>
  <testcase classname="RegressionTest0" name="test130" time="0.002"/>
  <testcase classname="RegressionTest0" name="test131" time="0.004"/>
  <testcase classname="RegressionTest0" name="test132" time="0.002"/>
  <testcase classname="RegressionTest0" name="test133" time="0.003"/>
  <testcase classname="RegressionTest0" name="test134" time="0.004"/>
  <testcase classname="RegressionTest0" name="test135" time="0.002"/>
  <testcase classname="RegressionTest0" name="test136" time="0.003"/>
  <testcase classname="RegressionTest0" name="test137" time="0.003"/>
  <testcase classname="RegressionTest0" name="test138" time="0.003"/>
  <testcase classname="RegressionTest0" name="test139" time="0.004"/>
  <testcase classname="RegressionTest0" name="test140" time="0.003"/>
  <testcase classname="RegressionTest0" name="test141" time="0.004"/>
  <testcase classname="RegressionTest0" name="test142" time="0.003"/>
  <testcase classname="RegressionTest0" name="test143" time="0.003"/>
  <testcase classname="RegressionTest0" name="test144" time="0.003"/>
  <testcase classname="RegressionTest0" name="test145" time="0.003"/>
  <testcase classname="RegressionTest0" name="test146" time="0.003"/>
  <testcase classname="RegressionTest0" name="test147" time="0.003"/>
  <testcase classname="RegressionTest0" name="test148" time="0.004"/>
  <testcase classname="RegressionTest0" name="test149" time="0.003"/>
  <testcase classname="RegressionTest0" name="test150" time="0.002"/>
  <testcase classname="RegressionTest0" name="test151" time="0.003"/>
  <testcase classname="RegressionTest0" name="test152" time="0.003"/>
  <testcase classname="RegressionTest0" name="test153" time="0.003"/>
  <testcase classname="RegressionTest0" name="test154" time="0.003"/>
  <testcase classname="RegressionTest0" name="test155" time="0.004"/>
  <testcase classname="RegressionTest0" name="test156" time="0.003"/>
  <testcase classname="RegressionTest0" name="test157" time="0.002"/>
  <testcase classname="RegressionTest0" name="test158" time="0.004"/>
  <testcase classname="RegressionTest0" name="test159" time="0.004"/>
  <testcase classname="RegressionTest0" name="test160" time="0.004"/>
  <testcase classname="RegressionTest0" name="test161" time="0.003"/>
  <testcase classname="RegressionTest0" name="test162" time="0.004"/>
  <testcase classname="RegressionTest0" name="test163" time="0.005"/>
  <testcase classname="RegressionTest0" name="test164" time="0.003"/>
  <testcase classname="RegressionTest0" name="test165" time="0.003"/>
  <testcase classname="RegressionTest0" name="test166" time="0.003"/>
  <testcase classname="RegressionTest0" name="test167" time="0.003"/>
  <testcase classname="RegressionTest0" name="test168" time="0.003"/>
  <testcase classname="RegressionTest0" name="test169" time="0.004"/>
  <testcase classname="RegressionTest0" name="test170" time="0.004"/>
  <testcase classname="RegressionTest0" name="test171" time="0.004"/>
  <testcase classname="RegressionTest0" name="test172" time="0.004"/>
  <testcase classname="RegressionTest0" name="test173" time="0.002"/>
  <testcase classname="RegressionTest0" name="test174" time="0.003"/>
  <testcase classname="RegressionTest0" name="test175" time="0.003"/>
  <testcase classname="RegressionTest0" name="test176" time="0.003"/>
  <testcase classname="RegressionTest0" name="test177" time="0.003"/>
  <testcase classname="RegressionTest0" name="test178" time="0.003"/>
  <testcase classname="RegressionTest0" name="test179" time="0.003"/>
  <testcase classname="RegressionTest0" name="test180" time="0.003"/>
  <testcase classname="RegressionTest0" name="test181" time="0.003"/>
  <testcase classname="RegressionTest0" name="test182" time="0.003"/>
  <testcase classname="RegressionTest0" name="test183" time="0.003"/>
  <testcase classname="RegressionTest0" name="test184" time="0.003"/>
  <testcase classname="RegressionTest0" name="test185" time="0.003"/>
  <testcase classname="RegressionTest0" name="test186" time="0.003"/>
  <testcase classname="RegressionTest0" name="test187" time="0.004"/>
  <testcase classname="RegressionTest0" name="test188" time="0.003"/>
  <testcase classname="RegressionTest0" name="test189" time="0.005"/>
  <testcase classname="RegressionTest0" name="test190" time="0.003"/>
  <testcase classname="RegressionTest0" name="test191" time="0.005"/>
  <testcase classname="RegressionTest0" name="test192" time="0.011"/>
  <testcase classname="RegressionTest0" name="test193" time="0.004"/>
  <testcase classname="RegressionTest0" name="test194" time="0.003"/>
  <testcase classname="RegressionTest0" name="test195" time="0.003"/>
  <testcase classname="RegressionTest0" name="test196" time="0.003"/>
  <testcase classname="RegressionTest0" name="test197" time="0.003"/>
  <testcase classname="RegressionTest0" name="test198" time="0.003"/>
  <testcase classname="RegressionTest0" name="test199" time="0.002"/>
  <testcase classname="RegressionTest0" name="test200" time="0.003"/>
  <testcase classname="RegressionTest0" name="test201" time="0.004"/>
  <testcase classname="RegressionTest0" name="test202" time="0.003"/>
  <testcase classname="RegressionTest0" name="test203" time="0.003"/>
  <testcase classname="RegressionTest0" name="test204" time="0.003"/>
  <testcase classname="RegressionTest0" name="test205" time="0.003"/>
  <testcase classname="RegressionTest0" name="test206" time="0.003"/>
  <testcase classname="RegressionTest0" name="test207" time="0.003"/>
  <testcase classname="RegressionTest0" name="test208" time="0.003"/>
  <testcase classname="RegressionTest0" name="test209" time="0.003"/>
  <testcase classname="RegressionTest0" name="test210" time="0.004"/>
  <testcase classname="RegressionTest0" name="test211" time="0.004"/>
  <testcase classname="RegressionTest0" name="test212" time="0.003"/>
  <testcase classname="RegressionTest0" name="test213" time="0.003"/>
  <testcase classname="RegressionTest0" name="test214" time="0.005"/>
  <testcase classname="RegressionTest0" name="test215" time="0.004"/>
  <testcase classname="RegressionTest0" name="test216" time="0.004"/>
  <testcase classname="RegressionTest0" name="test217" time="0.005"/>
  <testcase classname="RegressionTest0" name="test218" time="0.026"/>
  <testcase classname="RegressionTest0" name="test219" time="0.003"/>
  <testcase classname="RegressionTest0" name="test220" time="0.004"/>
  <testcase classname="RegressionTest0" name="test221" time="0.003"/>
  <testcase classname="RegressionTest0" name="test222" time="0.004"/>
  <testcase classname="RegressionTest0" name="test223" time="0.003"/>
  <testcase classname="RegressionTest0" name="test224" time="0.005"/>
  <testcase classname="RegressionTest0" name="test225" time="0.004"/>
  <testcase classname="RegressionTest0" name="test226" time="0.003"/>
  <testcase classname="RegressionTest0" name="test227" time="0.004"/>
  <testcase classname="RegressionTest0" name="test228" time="0.004"/>
  <testcase classname="RegressionTest0" name="test229" time="0.004"/>
  <testcase classname="RegressionTest0" name="test230" time="0.004"/>
  <testcase classname="RegressionTest0" name="test231" time="0.003"/>
  <testcase classname="RegressionTest0" name="test232" time="0.004"/>
  <testcase classname="RegressionTest0" name="test233" time="0.003"/>
  <testcase classname="RegressionTest0" name="test234" time="0.003"/>
  <testcase classname="RegressionTest0" name="test235" time="0.003"/>
  <testcase classname="RegressionTest0" name="test236" time="0.003"/>
  <testcase classname="RegressionTest0" name="test237" time="0.003"/>
  <testcase classname="RegressionTest0" name="test238" time="0.004"/>
  <testcase classname="RegressionTest0" name="test239" time="0.003"/>
  <testcase classname="RegressionTest0" name="test240" time="0.003"/>
  <testcase classname="RegressionTest0" name="test241" time="0.004"/>
  <testcase classname="RegressionTest0" name="test242" time="0.002"/>
  <testcase classname="RegressionTest0" name="test243" time="0.004"/>
  <testcase classname="RegressionTest0" name="test244" time="0.003"/>
  <testcase classname="RegressionTest0" name="test245" time="0.003"/>
  <testcase classname="RegressionTest0" name="test246" time="0.003"/>
  <testcase classname="RegressionTest0" name="test247" time="0.003"/>
  <testcase classname="RegressionTest0" name="test248" time="0.003"/>
  <testcase classname="RegressionTest0" name="test249" time="0.004"/>
  <testcase classname="RegressionTest0" name="test250" time="0.004"/>
  <testcase classname="RegressionTest0" name="test251" time="0.003"/>
  <testcase classname="RegressionTest0" name="test252" time="0.003"/>
  <testcase classname="RegressionTest0" name="test253" time="0.003"/>
  <testcase classname="RegressionTest0" name="test254" time="0.004"/>
  <testcase classname="RegressionTest0" name="test255" time="0.005"/>
  <testcase classname="RegressionTest0" name="test256" time="0.004"/>
  <testcase classname="RegressionTest0" name="test257" time="0.004"/>
  <testcase classname="RegressionTest0" name="test258" time="0.003"/>
  <testcase classname="RegressionTest0" name="test259" time="0.003"/>
  <testcase classname="RegressionTest0" name="test260" time="0.003"/>
  <testcase classname="RegressionTest0" name="test261" time="0.003"/>
  <testcase classname="RegressionTest0" name="test262" time="0.003"/>
  <testcase classname="RegressionTest0" name="test263" time="0.003"/>
  <testcase classname="RegressionTest0" name="test264" time="0.003"/>
  <testcase classname="RegressionTest0" name="test265" time="0.003"/>
  <testcase classname="RegressionTest0" name="test266" time="0.004"/>
  <testcase classname="RegressionTest0" name="test267" time="0.003"/>
  <testcase classname="RegressionTest0" name="test268" time="0.003"/>
  <testcase classname="RegressionTest0" name="test269" time="0.003"/>
  <testcase classname="RegressionTest0" name="test270" time="0.003"/>
  <testcase classname="RegressionTest0" name="test271" time="0.003"/>
  <testcase classname="RegressionTest0" name="test272" time="0.003"/>
  <testcase classname="RegressionTest0" name="test273" time="0.003"/>
  <testcase classname="RegressionTest0" name="test274" time="0.003"/>
  <testcase classname="RegressionTest0" name="test275" time="0.003"/>
  <testcase classname="RegressionTest0" name="test276" time="0.003"/>
  <testcase classname="RegressionTest0" name="test277" time="0.003"/>
  <testcase classname="RegressionTest0" name="test278" time="0.003"/>
  <testcase classname="RegressionTest0" name="test279" time="0.003"/>
  <testcase classname="RegressionTest0" name="test280" time="0.002"/>
  <testcase classname="RegressionTest0" name="test281" time="0.003"/>
  <testcase classname="RegressionTest0" name="test282" time="0.004"/>
  <testcase classname="RegressionTest0" name="test283" time="0.003"/>
  <testcase classname="RegressionTest0" name="test284" time="0.004"/>
  <testcase classname="RegressionTest0" name="test285" time="0.003"/>
  <testcase classname="RegressionTest0" name="test286" time="0.003"/>
  <testcase classname="RegressionTest0" name="test287" time="0.003"/>
  <testcase classname="RegressionTest0" name="test288" time="0.003"/>
  <testcase classname="RegressionTest0" name="test289" time="0.003"/>
  <testcase classname="RegressionTest0" name="test290" time="0.003"/>
  <testcase classname="RegressionTest0" name="test291" time="0.003"/>
  <testcase classname="RegressionTest0" name="test292" time="0.004"/>
  <testcase classname="RegressionTest0" name="test293" time="0.004"/>
  <testcase classname="RegressionTest0" name="test294" time="0.003"/>
  <testcase classname="RegressionTest0" name="test295" time="0.003"/>
  <testcase classname="RegressionTest0" name="test296" time="0.003"/>
  <testcase classname="RegressionTest0" name="test297" time="0.003"/>
  <testcase classname="RegressionTest0" name="test298" time="0.004"/>
  <testcase classname="RegressionTest0" name="test299" time="0.003"/>
  <testcase classname="RegressionTest0" name="test300" time="0.003"/>
  <testcase classname="RegressionTest0" name="test301" time="0.003"/>
  <testcase classname="RegressionTest0" name="test302" time="0.003"/>
  <testcase classname="RegressionTest0" name="test303" time="0.004"/>
  <testcase classname="RegressionTest0" name="test304" time="0.012"/>
  <testcase classname="RegressionTest0" name="test305" time="0.003"/>
  <testcase classname="RegressionTest0" name="test306" time="0.003"/>
  <testcase classname="RegressionTest0" name="test307" time="0.004"/>
  <testcase classname="RegressionTest0" name="test308" time="0.004"/>
  <testcase classname="RegressionTest0" name="test309" time="0.003"/>
  <testcase classname="RegressionTest0" name="test310" time="0.004"/>
  <testcase classname="RegressionTest0" name="test311" time="0.004"/>
  <testcase classname="RegressionTest0" name="test312" time="0.003"/>
  <testcase classname="RegressionTest0" name="test313" time="0.004"/>
  <testcase classname="RegressionTest0" name="test314" time="0.004"/>
  <testcase classname="RegressionTest0" name="test315" time="0.002"/>
  <testcase classname="RegressionTest0" name="test316" time="0.003"/>
  <testcase classname="RegressionTest0" name="test317" time="0.003"/>
  <testcase classname="RegressionTest0" name="test318" time="0.003"/>
  <testcase classname="RegressionTest0" name="test319" time="0.003"/>
  <testcase classname="RegressionTest0" name="test320" time="0.004"/>
  <testcase classname="RegressionTest0" name="test321" time="0.003"/>
  <testcase classname="RegressionTest0" name="test322" time="0.007"/>
  <testcase classname="RegressionTest0" name="test323" time="0.002"/>
  <testcase classname="RegressionTest0" name="test324" time="0.003"/>
  <testcase classname="RegressionTest0" name="test325" time="0.003"/>
  <testcase classname="RegressionTest0" name="test326" time="0.003"/>
  <testcase classname="RegressionTest0" name="test327" time="0.003"/>
  <testcase classname="RegressionTest0" name="test328" time="0.016"/>
  <testcase classname="RegressionTest0" name="test329" time="0.004"/>
  <testcase classname="RegressionTest0" name="test330" time="0.003"/>
  <testcase classname="RegressionTest0" name="test331" time="0.002"/>
  <testcase classname="RegressionTest0" name="test332" time="0.003"/>
  <testcase classname="RegressionTest0" name="test333" time="0.003"/>
  <testcase classname="RegressionTest0" name="test334" time="0.003"/>
</testsuite>